{
  "RSpec": {
    "coverage": {
      "/Users/ryanfrancis/Documents/LaunchPad/decanter_files/decanter/lib/decanter.rb": [
        1,
        null,
        1,
        null,
        1,
        3,
        null,
        null,
        1,
        4,
        null,
        null,
        4,
        4,
        null,
        null,
        null,
        1,
        1,
        1,
        1,
        1,
        1,
        1
      ],
      "/Users/ryanfrancis/Documents/LaunchPad/decanter_files/decanter/lib/decanter/base.rb": [
        1,
        null,
        1,
        1,
        1,
        1,
        0,
        null,
        null,
        null
      ],
      "/Users/ryanfrancis/Documents/LaunchPad/decanter_files/decanter/lib/decanter/core.rb": [
        1,
        1,
        null,
        1,
        49,
        null,
        null,
        1,
        null,
        1,
        null,
        10,
        null,
        10,
        1,
        null,
        null,
        9,
        null,
        null,
        null,
        null,
        null,
        null,
        null,
        null,
        1,
        7,
        7,
        null,
        null,
        null,
        null,
        null,
        null,
        null,
        null,
        1,
        7,
        7,
        null,
        null,
        null,
        null,
        null,
        null,
        null,
        null,
        1,
        4,
        3,
        null,
        null,
        1,
        3,
        null,
        3,
        null,
        null,
        null,
        null,
        1,
        null,
        3,
        null,
        3,
        2,
        null,
        0,
        0,
        null,
        1,
        null,
        2,
        null,
        null,
        1,
        null,
        null,
        null,
        1,
        null,
        0,
        0,
        null,
        null,
        1,
        2,
        2,
        2,
        null,
        null,
        1,
        2,
        null,
        null,
        1,
        3,
        null,
        6,
        3,
        null,
        null,
        1,
        null,
        null,
        3,
        null,
        null,
        1,
        2,
        null,
        null,
        1,
        4,
        null,
        null,
        null,
        2,
        null,
        null,
        1,
        45,
        null,
        null,
        1,
        3,
        null,
        null,
        null,
        null
      ],
      "/Users/ryanfrancis/Documents/LaunchPad/decanter_files/decanter/lib/decanter/extensions.rb": [
        1,
        1,
        null,
        1,
        8,
        null,
        null,
        1,
        2,
        2,
        null,
        null,
        1,
        2,
        2,
        null,
        null,
        1,
        null,
        1,
        null,
        2,
        null,
        null,
        1,
        0,
        null,
        null,
        1,
        null,
        2,
        null,
        null,
        1,
        null,
        0,
        null,
        null,
        null,
        null
      ],
      "/Users/ryanfrancis/Documents/LaunchPad/decanter_files/decanter/lib/decanter/value_parser.rb": [
        1,
        1,
        1,
        null,
        1,
        11,
        null,
        null,
        1,
        2,
        null,
        null,
        null,
        null,
        1,
        1,
        1,
        1,
        1,
        1,
        1,
        1,
        1,
        1,
        1
      ],
      "/Users/ryanfrancis/Documents/LaunchPad/decanter_files/decanter/lib/decanter/value_parser/base.rb": [
        1,
        null,
        1,
        1,
        1,
        1,
        1,
        9,
        null,
        null,
        null,
        null,
        null
      ],
      "/Users/ryanfrancis/Documents/LaunchPad/decanter_files/decanter/lib/decanter/value_parser/core.rb": [
        1,
        1,
        1,
        null,
        1,
        9,
        null,
        null,
        1,
        null,
        1,
        null,
        25,
        null,
        null,
        50,
        3,
        1,
        null,
        2,
        null,
        null,
        null,
        43,
        5,
        null,
        null,
        17,
        1,
        null,
        null,
        16,
        null,
        null,
        1,
        1,
        null,
        0,
        null,
        null,
        15,
        null,
        null,
        null,
        1,
        12,
        null,
        null,
        1,
        12,
        null,
        null,
        1,
        1,
        null,
        null,
        null,
        null,
        null
      ],
      "/Users/ryanfrancis/Documents/LaunchPad/decanter_files/decanter/lib/decanter/value_parser/boolean_parser.rb": [
        1,
        1,
        1,
        null,
        1,
        null,
        1,
        9,
        null,
        null,
        null,
        null
      ],
      "/Users/ryanfrancis/Documents/LaunchPad/decanter_files/decanter/lib/decanter/value_parser/date_parser.rb": [
        1,
        1,
        1,
        null,
        1,
        null,
        1,
        3,
        3,
        null,
        null,
        null,
        null,
        null
      ],
      "/Users/ryanfrancis/Documents/LaunchPad/decanter_files/decanter/lib/decanter/value_parser/datetime_parser.rb": [
        1,
        1,
        1,
        null,
        1,
        null,
        1,
        0,
        0,
        null,
        null,
        null,
        null
      ],
      "/Users/ryanfrancis/Documents/LaunchPad/decanter_files/decanter/lib/decanter/value_parser/string_parser.rb": [
        1,
        1,
        1,
        null,
        1,
        null,
        1,
        1,
        null,
        null,
        null,
        null
      ],
      "/Users/ryanfrancis/Documents/LaunchPad/decanter_files/decanter/lib/decanter/value_parser/phone_parser.rb": [
        1,
        1,
        1,
        1,
        null,
        1,
        null,
        1,
        1,
        null,
        null,
        null,
        null
      ],
      "/Users/ryanfrancis/Documents/LaunchPad/decanter_files/decanter/lib/decanter/value_parser/float_parser.rb": [
        1,
        1,
        1,
        1,
        null,
        1,
        null,
        1,
        0,
        null,
        null,
        null,
        null
      ],
      "/Users/ryanfrancis/Documents/LaunchPad/decanter_files/decanter/lib/decanter/value_parser/integer_parser.rb": [
        1,
        1,
        1,
        1,
        null,
        1,
        null,
        1,
        0,
        null,
        null,
        null,
        null,
        null,
        null
      ],
      "/Users/ryanfrancis/Documents/LaunchPad/decanter_files/decanter/lib/decanter/value_parser/key_value_splitter_parser.rb": [
        1,
        1,
        1,
        1,
        1,
        null,
        1,
        null,
        1,
        1,
        1,
        3,
        null,
        null,
        null,
        null,
        null
      ],
      "/Users/ryanfrancis/Documents/LaunchPad/decanter_files/decanter/lib/decanter/value_parser/join_parser.rb": [
        1,
        1,
        1,
        1,
        null,
        1,
        0,
        0,
        null,
        null,
        null,
        null,
        null
      ]
    },
    "timestamp": 1455729492
  }
}
